<?xml version="1.0" encoding="UTF-8"?>
<!-- Generated by org.testng.reporters.JUnitReportReporter -->
<testsuite hostname="DESKTOP-K31S86O" failures="0" tests="5" name="com.kpitech.test.DashboardTest" time="23.623" errors="0" timestamp="2023-02-10T11:43:11 IST" skipped="0">
  <testcase classname="com.kpitech.test.DashboardTest" name="CheckDashboardElement" time="0.007"/>
  <system-out/>
  <testcase classname="com.kpitech.test.DashboardTest" name="CheckMenuScreenElement" time="0.003"/>
  <system-out/>
  <testcase classname="com.kpitech.test.DashboardTest" name="CheckSettingScreenElement" time="23.604"/>
  <system-out/>
  <testcase classname="com.kpitech.test.DashboardTest" name="CheckProfileScreenElement" time="0.003"/>
  <system-out/>
  <testcase classname="com.kpitech.test.DashboardTest" name="CheckProfileSettingScreenElement" time="0.006"/>
  <system-out/>
</testsuite> <!-- com.kpitech.test.DashboardTest -->
